<html>
<head>
<title>TestNG:  Test</title>
<link href="../testng.css" rel="stylesheet" type="text/css" />
<link href="../my-testng.css" rel="stylesheet" type="text/css" />

<style type="text/css">
.log { display: none;} 
.stack-trace { display: none;} 
</style>
<script type="text/javascript">
<!--
function flip(e) {
  current = e.style.display;
  if (current == 'block') {
    e.style.display = 'none';
    return 0;
  }
  else {
    e.style.display = 'block';
    return 1;
  }
}

function toggleBox(szDivId, elem, msg1, msg2)
{
  var res = -1;  if (document.getElementById) {
    res = flip(document.getElementById(szDivId));
  }
  else if (document.all) {
    // this is the way old msie versions work
    res = flip(document.all[szDivId]);
  }
  if(elem) {
    if(res == 0) elem.innerHTML = msg1; else elem.innerHTML = msg2;
  }

}

function toggleAllBoxes() {
  if (document.getElementsByTagName) {
    d = document.getElementsByTagName('div');
    for (i = 0; i < d.length; i++) {
      if (d[i].className == 'log') {
        flip(d[i]);
      }
    }
  }
}

// -->
</script>

</head>
<body>
<h2 align='center'>Test</h2><table border='1' align="center">
<tr>
<td>Tests passed/Failed/Skipped:</td><td>0/0/17</td>
</tr><tr>
<td>Started on:</td><td>Wed Sep 21 14:27:16 IST 2022</td>
</tr>
<tr><td>Total time:</td><td>0 seconds (559 ms)</td>
</tr><tr>
<td>Included groups:</td><td></td>
</tr><tr>
<td>Excluded groups:</td><td></td>
</tr>
</table><p/>
<small><i>(Hover the method name to see the test class name)</i></small><p/>
<table width='100%' border='1' class='invocation-failed'>
<tr><td colspan='4' align='center'><b>FAILED CONFIGURATIONS</b></td></tr>
<tr><td><b>Test method</b></td>
<td width="30%"><b>Exception</b></td>
<td width="10%"><b>Time (seconds)</b></td>
<td><b>Instance</b></td>
</tr>
<tr>
<td title='testpack1.softassert.openBrowser()'><b>openBrowser</b><br>Test class: testpack1.softassert</td>
<td><div><pre>org.testng.TestNGException: 
Parameter &apos;browser&apos; is required by BeforeTest on method openBrowser but has not been marked @Optional or defined
in C:\Users\Suhas Sonal\eclipse-workspace\Mavenproject\testng.xml
... Removed 21 stack frames</pre></div><a href='#' onClick='toggleBox("stack-trace208866101", this, "Click to show all stack frames", "Click to hide stack frames")'>Click to show all stack frames</a>
<div class='stack-trace' id='stack-trace208866101'><pre>org.testng.TestNGException: 
Parameter &apos;browser&apos; is required by BeforeTest on method openBrowser but has not been marked @Optional or defined
in C:\Users\Suhas Sonal\eclipse-workspace\Mavenproject\testng.xml
	at org.testng.internal.Parameters.createParams(Parameters.java:270)
	at org.testng.internal.Parameters.createParametersForMethod(Parameters.java:358)
	at org.testng.internal.Parameters.createParameters(Parameters.java:700)
	at org.testng.internal.Parameters.createConfigurationParameters(Parameters.java:168)
	at org.testng.internal.ConfigInvoker.invokeConfigurations(ConfigInvoker.java:302)
	at org.testng.TestRunner.invokeTestConfigurations(TestRunner.java:637)
	at org.testng.TestRunner.beforeRun(TestRunner.java:627)
	at org.testng.TestRunner.run(TestRunner.java:589)
	at org.testng.SuiteRunner.runTest(SuiteRunner.java:377)
	at org.testng.SuiteRunner.runSequentially(SuiteRunner.java:371)
	at org.testng.SuiteRunner.privateRun(SuiteRunner.java:332)
	at org.testng.SuiteRunner.run(SuiteRunner.java:276)
	at org.testng.SuiteRunnerWorker.runSuite(SuiteRunnerWorker.java:53)
	at org.testng.SuiteRunnerWorker.run(SuiteRunnerWorker.java:96)
	at org.testng.TestNG.runSuitesSequentially(TestNG.java:1212)
	at org.testng.TestNG.runSuitesLocally(TestNG.java:1134)
	at org.testng.TestNG.runSuites(TestNG.java:1063)
	at org.testng.TestNG.run(TestNG.java:1031)
	at org.testng.remote.AbstractRemoteTestNG.run(AbstractRemoteTestNG.java:115)
	at org.testng.remote.RemoteTestNG.initAndRun(RemoteTestNG.java:251)
	at org.testng.remote.RemoteTestNG.main(RemoteTestNG.java:77)
</pre></div></td>
<td>-1663750636</td>
<td>testpack1.softassert@6b81ce95</td></tr>
</table><p>
<table width='100%' border='1' class='invocation-skipped'>
<tr><td colspan='4' align='center'><b>SKIPPED CONFIGURATIONS</b></td></tr>
<tr><td><b>Test method</b></td>
<td width="30%"><b>Exception</b></td>
<td width="10%"><b>Time (seconds)</b></td>
<td><b>Instance</b></td>
</tr>
<tr>
<td title='testpack1.Test21.beforeclass()'><b>beforeclass</b><br>Test class: testpack1.Test21</td>
<td></td>
<td>-1663750637</td>
<td>testpack1.Test21@5b239d7d</td></tr>
<tr>
<td title='testpack1.Hardassert.logoutFromApplication()'><b>logoutFromApplication</b><br>Test class: testpack1.Hardassert</td>
<td></td>
<td>-1663750636</td>
<td>testpack1.Hardassert@7ec7ffd3</td></tr>
<tr>
<td title='testpack1.softassert.openRoomPage()'><b>openRoomPage</b><br>Test class: testpack1.softassert</td>
<td></td>
<td>-1663750636</td>
<td>testpack1.softassert@6b81ce95</td></tr>
<tr>
<td title='testpack1.Test22.beforeclass()'><b>beforeclass</b><br>Test class: testpack1.Test22</td>
<td></td>
<td>-1663750636</td>
<td>testpack1.Test22@4cc451f2</td></tr>
<tr>
<td title='testpack1.Test22.Aftermethod()'><b>Aftermethod</b><br>Test class: testpack1.Test22</td>
<td></td>
<td>-1663750637</td>
<td>testpack1.Test22@4cc451f2</td></tr>
<tr>
<td title='testpack1.VerifyRoomPage.openRoomPage()'><b>openRoomPage</b><br>Test class: testpack1.VerifyRoomPage</td>
<td></td>
<td>-1663750636</td>
<td>testpack1.VerifyRoomPage@6572421</td></tr>
<tr>
<td title='testpack1.VerifyRoomPage.closeBrowser()'><b>closeBrowser</b><br>Test class: testpack1.VerifyRoomPage</td>
<td></td>
<td>-1663750636</td>
<td>testpack1.VerifyRoomPage@6572421</td></tr>
<tr>
<td title='testpack1.Test21.beforemethod()'><b>beforemethod</b><br>Test class: testpack1.Test21</td>
<td></td>
<td>-1663750637</td>
<td>testpack1.Test21@5b239d7d</td></tr>
<tr>
<td title='testpack1.Hardassert.closeBrowser()'><b>closeBrowser</b><br>Test class: testpack1.Hardassert</td>
<td></td>
<td>-1663750636</td>
<td>testpack1.Hardassert@7ec7ffd3</td></tr>
<tr>
<td title='testpack1.Test21.Aftermethod()'><b>Aftermethod</b><br>Test class: testpack1.Test21</td>
<td></td>
<td>-1663750637</td>
<td>testpack1.Test21@5b239d7d</td></tr>
<tr>
<td title='testpack1.Test22.beforemethod()'><b>beforemethod</b><br>Test class: testpack1.Test22</td>
<td></td>
<td>-1663750637</td>
<td>testpack1.Test22@4cc451f2</td></tr>
<tr>
<td title='testpack1.Hardassert.openRoomPage()'><b>openRoomPage</b><br>Test class: testpack1.Hardassert</td>
<td></td>
<td>-1663750636</td>
<td>testpack1.Hardassert@7ec7ffd3</td></tr>
<tr>
<td title='testpack1.softassert.logoutFromApplication()'><b>logoutFromApplication</b><br>Test class: testpack1.softassert</td>
<td></td>
<td>-1663750636</td>
<td>testpack1.softassert@6b81ce95</td></tr>
<tr>
<td title='testpack1.Test22.Afterclass()'><b>Afterclass</b><br>Test class: testpack1.Test22</td>
<td></td>
<td>-1663750637</td>
<td>testpack1.Test22@4cc451f2</td></tr>
<tr>
<td title='testpack1.Test21.Aftermethod()'><b>Aftermethod</b><br>Test class: testpack1.Test21</td>
<td></td>
<td>-1663750637</td>
<td>testpack1.Test21@5b239d7d</td></tr>
<tr>
<td title='testpack1.Test22.Aftermethod()'><b>Aftermethod</b><br>Test class: testpack1.Test22</td>
<td></td>
<td>-1663750637</td>
<td>testpack1.Test22@4cc451f2</td></tr>
<tr>
<td title='testpack1.softassert.closeBrowser()'><b>closeBrowser</b><br>Test class: testpack1.softassert</td>
<td></td>
<td>-1663750637</td>
<td>testpack1.softassert@6b81ce95</td></tr>
<tr>
<td title='testpack1.Testkeyword.beforemethod()'><b>beforemethod</b><br>Test class: testpack1.Testkeyword</td>
<td></td>
<td>-1663750637</td>
<td>testpack1.Testkeyword@52bf72b5</td></tr>
<tr>
<td title='testpack1.softassert.openRoomPage()'><b>openRoomPage</b><br>Test class: testpack1.softassert</td>
<td></td>
<td>-1663750636</td>
<td>testpack1.softassert@6b81ce95</td></tr>
<tr>
<td title='testpack1.Test22.Aftermethod()'><b>Aftermethod</b><br>Test class: testpack1.Test22</td>
<td></td>
<td>-1663750637</td>
<td>testpack1.Test22@4cc451f2</td></tr>
<tr>
<td title='testpack1.VerifyRoomPage.logoutFromApplication()'><b>logoutFromApplication</b><br>Test class: testpack1.VerifyRoomPage</td>
<td></td>
<td>-1663750636</td>
<td>testpack1.VerifyRoomPage@6572421</td></tr>
<tr>
<td title='testpack1.Testkeyword.Aftermethod()'><b>Aftermethod</b><br>Test class: testpack1.Testkeyword</td>
<td></td>
<td>-1663750637</td>
<td>testpack1.Testkeyword@52bf72b5</td></tr>
<tr>
<td title='testpack1.softassert.createPOMobjects()'><b>createPOMobjects</b><br>Test class: testpack1.softassert</td>
<td></td>
<td>-1663750636</td>
<td>testpack1.softassert@6b81ce95</td></tr>
<tr>
<td title='testpack1.Testkeyword.beforemethod()'><b>beforemethod</b><br>Test class: testpack1.Testkeyword</td>
<td></td>
<td>-1663750637</td>
<td>testpack1.Testkeyword@52bf72b5</td></tr>
<tr>
<td title='testpack1.Hardassert.logoutFromApplication()'><b>logoutFromApplication</b><br>Test class: testpack1.Hardassert</td>
<td></td>
<td>-1663750636</td>
<td>testpack1.Hardassert@7ec7ffd3</td></tr>
<tr>
<td title='testpack1.Test21.beforemethod()'><b>beforemethod</b><br>Test class: testpack1.Test21</td>
<td></td>
<td>-1663750637</td>
<td>testpack1.Test21@5b239d7d</td></tr>
<tr>
<td title='testpack1.Test21.Aftermethod()'><b>Aftermethod</b><br>Test class: testpack1.Test21</td>
<td></td>
<td>-1663750637</td>
<td>testpack1.Test21@5b239d7d</td></tr>
<tr>
<td title='testpack1.Test21.Afterclass()'><b>Afterclass</b><br>Test class: testpack1.Test21</td>
<td></td>
<td>-1663750637</td>
<td>testpack1.Test21@5b239d7d</td></tr>
<tr>
<td title='testpack1.VerifyRoomPage.logoutFromApplication()'><b>logoutFromApplication</b><br>Test class: testpack1.VerifyRoomPage</td>
<td></td>
<td>-1663750636</td>
<td>testpack1.VerifyRoomPage@6572421</td></tr>
<tr>
<td title='testpack1.Test22.beforemethod()'><b>beforemethod</b><br>Test class: testpack1.Test22</td>
<td></td>
<td>-1663750637</td>
<td>testpack1.Test22@4cc451f2</td></tr>
<tr>
<td title='testpack1.Test21.beforemethod()'><b>beforemethod</b><br>Test class: testpack1.Test21</td>
<td></td>
<td>-1663750637</td>
<td>testpack1.Test21@5b239d7d</td></tr>
<tr>
<td title='testpack1.Testkeyword.beforeclass()'><b>beforeclass</b><br>Test class: testpack1.Testkeyword</td>
<td></td>
<td>-1663750637</td>
<td>testpack1.Testkeyword@52bf72b5</td></tr>
<tr>
<td title='testpack1.Hardassert.openBrowser()'><b>openBrowser</b><br>Test class: testpack1.Hardassert</td>
<td></td>
<td>-1663750636</td>
<td>testpack1.Hardassert@7ec7ffd3</td></tr>
<tr>
<td title='testpack1.Test21.beforemethod()'><b>beforemethod</b><br>Test class: testpack1.Test21</td>
<td></td>
<td>-1663750637</td>
<td>testpack1.Test21@5b239d7d</td></tr>
<tr>
<td title='testpack1.Hardassert.openRoomPage()'><b>openRoomPage</b><br>Test class: testpack1.Hardassert</td>
<td></td>
<td>-1663750636</td>
<td>testpack1.Hardassert@7ec7ffd3</td></tr>
<tr>
<td title='testpack1.Test22.beforemethod()'><b>beforemethod</b><br>Test class: testpack1.Test22</td>
<td></td>
<td>-1663750637</td>
<td>testpack1.Test22@4cc451f2</td></tr>
<tr>
<td title='testpack1.softassert.clearobjects()'><b>clearobjects</b><br>Test class: testpack1.softassert</td>
<td></td>
<td>-1663750637</td>
<td>testpack1.softassert@6b81ce95</td></tr>
<tr>
<td title='testpack1.Test21.Aftermethod()'><b>Aftermethod</b><br>Test class: testpack1.Test21</td>
<td></td>
<td>-1663750637</td>
<td>testpack1.Test21@5b239d7d</td></tr>
<tr>
<td title='testpack1.VerifyRoomPage.openBrowser()'><b>openBrowser</b><br>Test class: testpack1.VerifyRoomPage</td>
<td></td>
<td>-1663750636</td>
<td>testpack1.VerifyRoomPage@6572421</td></tr>
<tr>
<td title='testpack1.Test22.beforemethod()'><b>beforemethod</b><br>Test class: testpack1.Test22</td>
<td></td>
<td>-1663750637</td>
<td>testpack1.Test22@4cc451f2</td></tr>
<tr>
<td title='testpack1.Testkeyword.Aftermethod()'><b>Aftermethod</b><br>Test class: testpack1.Testkeyword</td>
<td></td>
<td>-1663750637</td>
<td>testpack1.Testkeyword@52bf72b5</td></tr>
<tr>
<td title='testpack1.Testkeyword.Afterclass()'><b>Afterclass</b><br>Test class: testpack1.Testkeyword</td>
<td></td>
<td>-1663750637</td>
<td>testpack1.Testkeyword@52bf72b5</td></tr>
<tr>
<td title='testpack1.softassert.logoutFromApplication()'><b>logoutFromApplication</b><br>Test class: testpack1.softassert</td>
<td></td>
<td>-1663750637</td>
<td>testpack1.softassert@6b81ce95</td></tr>
<tr>
<td title='testpack1.Test22.Aftermethod()'><b>Aftermethod</b><br>Test class: testpack1.Test22</td>
<td></td>
<td>-1663750637</td>
<td>testpack1.Test22@4cc451f2</td></tr>
<tr>
<td title='testpack1.VerifyRoomPage.openRoomPage()'><b>openRoomPage</b><br>Test class: testpack1.VerifyRoomPage</td>
<td></td>
<td>-1663750636</td>
<td>testpack1.VerifyRoomPage@6572421</td></tr>
</table><p>
<table width='100%' border='1' class='invocation-skipped'>
<tr><td colspan='4' align='center'><b>SKIPPED TESTS</b></td></tr>
<tr><td><b>Test method</b></td>
<td width="30%"><b>Exception</b></td>
<td width="10%"><b>Time (seconds)</b></td>
<td><b>Instance</b></td>
</tr>
<tr>
<td title='testpack1.softassert.goBackToMessenger()'><b>goBackToMessenger</b><br>Test class: testpack1.softassert</td>
<td><div><pre>org.testng.TestNGException: 
Parameter &apos;browser&apos; is required by BeforeTest on method openBrowser but has not been marked @Optional or defined
in C:\Users\Suhas Sonal\eclipse-workspace\Mavenproject\testng.xml
... Removed 21 stack frames</pre></div><a href='#' onClick='toggleBox("stack-trace381261112", this, "Click to show all stack frames", "Click to hide stack frames")'>Click to show all stack frames</a>
<div class='stack-trace' id='stack-trace381261112'><pre>org.testng.TestNGException: 
Parameter &apos;browser&apos; is required by BeforeTest on method openBrowser but has not been marked @Optional or defined
in C:\Users\Suhas Sonal\eclipse-workspace\Mavenproject\testng.xml
	at org.testng.internal.Parameters.createParams(Parameters.java:270)
	at org.testng.internal.Parameters.createParametersForMethod(Parameters.java:358)
	at org.testng.internal.Parameters.createParameters(Parameters.java:700)
	at org.testng.internal.Parameters.createConfigurationParameters(Parameters.java:168)
	at org.testng.internal.ConfigInvoker.invokeConfigurations(ConfigInvoker.java:302)
	at org.testng.TestRunner.invokeTestConfigurations(TestRunner.java:637)
	at org.testng.TestRunner.beforeRun(TestRunner.java:627)
	at org.testng.TestRunner.run(TestRunner.java:589)
	at org.testng.SuiteRunner.runTest(SuiteRunner.java:377)
	at org.testng.SuiteRunner.runSequentially(SuiteRunner.java:371)
	at org.testng.SuiteRunner.privateRun(SuiteRunner.java:332)
	at org.testng.SuiteRunner.run(SuiteRunner.java:276)
	at org.testng.SuiteRunnerWorker.runSuite(SuiteRunnerWorker.java:53)
	at org.testng.SuiteRunnerWorker.run(SuiteRunnerWorker.java:96)
	at org.testng.TestNG.runSuitesSequentially(TestNG.java:1212)
	at org.testng.TestNG.runSuitesLocally(TestNG.java:1134)
	at org.testng.TestNG.runSuites(TestNG.java:1063)
	at org.testng.TestNG.run(TestNG.java:1031)
	at org.testng.remote.AbstractRemoteTestNG.run(AbstractRemoteTestNG.java:115)
	at org.testng.remote.RemoteTestNG.initAndRun(RemoteTestNG.java:251)
	at org.testng.remote.RemoteTestNG.main(RemoteTestNG.java:77)
</pre></div></td>
<td>0</td>
<td>testpack1.softassert@6b81ce95</td></tr>
<tr>
<td title='testpack1.Hardassert.goBackToMessenger()'><b>goBackToMessenger</b><br>Test class: testpack1.Hardassert</td>
<td><div><pre>org.testng.TestNGException: 
Parameter &apos;browser&apos; is required by BeforeTest on method openBrowser but has not been marked @Optional or defined
in C:\Users\Suhas Sonal\eclipse-workspace\Mavenproject\testng.xml
... Removed 21 stack frames</pre></div><a href='#' onClick='toggleBox("stack-trace180132094", this, "Click to show all stack frames", "Click to hide stack frames")'>Click to show all stack frames</a>
<div class='stack-trace' id='stack-trace180132094'><pre>org.testng.TestNGException: 
Parameter &apos;browser&apos; is required by BeforeTest on method openBrowser but has not been marked @Optional or defined
in C:\Users\Suhas Sonal\eclipse-workspace\Mavenproject\testng.xml
	at org.testng.internal.Parameters.createParams(Parameters.java:270)
	at org.testng.internal.Parameters.createParametersForMethod(Parameters.java:358)
	at org.testng.internal.Parameters.createParameters(Parameters.java:700)
	at org.testng.internal.Parameters.createConfigurationParameters(Parameters.java:168)
	at org.testng.internal.ConfigInvoker.invokeConfigurations(ConfigInvoker.java:302)
	at org.testng.TestRunner.invokeTestConfigurations(TestRunner.java:637)
	at org.testng.TestRunner.beforeRun(TestRunner.java:627)
	at org.testng.TestRunner.run(TestRunner.java:589)
	at org.testng.SuiteRunner.runTest(SuiteRunner.java:377)
	at org.testng.SuiteRunner.runSequentially(SuiteRunner.java:371)
	at org.testng.SuiteRunner.privateRun(SuiteRunner.java:332)
	at org.testng.SuiteRunner.run(SuiteRunner.java:276)
	at org.testng.SuiteRunnerWorker.runSuite(SuiteRunnerWorker.java:53)
	at org.testng.SuiteRunnerWorker.run(SuiteRunnerWorker.java:96)
	at org.testng.TestNG.runSuitesSequentially(TestNG.java:1212)
	at org.testng.TestNG.runSuitesLocally(TestNG.java:1134)
	at org.testng.TestNG.runSuites(TestNG.java:1063)
	at org.testng.TestNG.run(TestNG.java:1031)
	at org.testng.remote.AbstractRemoteTestNG.run(AbstractRemoteTestNG.java:115)
	at org.testng.remote.RemoteTestNG.initAndRun(RemoteTestNG.java:251)
	at org.testng.remote.RemoteTestNG.main(RemoteTestNG.java:77)
</pre></div></td>
<td>0</td>
<td>testpack1.Hardassert@7ec7ffd3</td></tr>
<tr>
<td title='testpack1.Test21.testB()'><b>testB</b><br>Test class: testpack1.Test21</td>
<td><div><pre>org.testng.TestNGException: 
Parameter &apos;browser&apos; is required by BeforeTest on method openBrowser but has not been marked @Optional or defined
in C:\Users\Suhas Sonal\eclipse-workspace\Mavenproject\testng.xml
... Removed 21 stack frames</pre></div><a href='#' onClick='toggleBox("stack-trace1131898036", this, "Click to show all stack frames", "Click to hide stack frames")'>Click to show all stack frames</a>
<div class='stack-trace' id='stack-trace1131898036'><pre>org.testng.TestNGException: 
Parameter &apos;browser&apos; is required by BeforeTest on method openBrowser but has not been marked @Optional or defined
in C:\Users\Suhas Sonal\eclipse-workspace\Mavenproject\testng.xml
	at org.testng.internal.Parameters.createParams(Parameters.java:270)
	at org.testng.internal.Parameters.createParametersForMethod(Parameters.java:358)
	at org.testng.internal.Parameters.createParameters(Parameters.java:700)
	at org.testng.internal.Parameters.createConfigurationParameters(Parameters.java:168)
	at org.testng.internal.ConfigInvoker.invokeConfigurations(ConfigInvoker.java:302)
	at org.testng.TestRunner.invokeTestConfigurations(TestRunner.java:637)
	at org.testng.TestRunner.beforeRun(TestRunner.java:627)
	at org.testng.TestRunner.run(TestRunner.java:589)
	at org.testng.SuiteRunner.runTest(SuiteRunner.java:377)
	at org.testng.SuiteRunner.runSequentially(SuiteRunner.java:371)
	at org.testng.SuiteRunner.privateRun(SuiteRunner.java:332)
	at org.testng.SuiteRunner.run(SuiteRunner.java:276)
	at org.testng.SuiteRunnerWorker.runSuite(SuiteRunnerWorker.java:53)
	at org.testng.SuiteRunnerWorker.run(SuiteRunnerWorker.java:96)
	at org.testng.TestNG.runSuitesSequentially(TestNG.java:1212)
	at org.testng.TestNG.runSuitesLocally(TestNG.java:1134)
	at org.testng.TestNG.runSuites(TestNG.java:1063)
	at org.testng.TestNG.run(TestNG.java:1031)
	at org.testng.remote.AbstractRemoteTestNG.run(AbstractRemoteTestNG.java:115)
	at org.testng.remote.RemoteTestNG.initAndRun(RemoteTestNG.java:251)
	at org.testng.remote.RemoteTestNG.main(RemoteTestNG.java:77)
</pre></div></td>
<td>0</td>
<td>testpack1.Test21@5b239d7d</td></tr>
<tr>
<td title='testpack1.softassert.verifyContactToHelpCenter()'><b>verifyContactToHelpCenter</b><br>Test class: testpack1.softassert</td>
<td><div><pre>org.testng.TestNGException: 
Parameter &apos;browser&apos; is required by BeforeTest on method openBrowser but has not been marked @Optional or defined
in C:\Users\Suhas Sonal\eclipse-workspace\Mavenproject\testng.xml
... Removed 21 stack frames</pre></div><a href='#' onClick='toggleBox("stack-trace1241091548", this, "Click to show all stack frames", "Click to hide stack frames")'>Click to show all stack frames</a>
<div class='stack-trace' id='stack-trace1241091548'><pre>org.testng.TestNGException: 
Parameter &apos;browser&apos; is required by BeforeTest on method openBrowser but has not been marked @Optional or defined
in C:\Users\Suhas Sonal\eclipse-workspace\Mavenproject\testng.xml
	at org.testng.internal.Parameters.createParams(Parameters.java:270)
	at org.testng.internal.Parameters.createParametersForMethod(Parameters.java:358)
	at org.testng.internal.Parameters.createParameters(Parameters.java:700)
	at org.testng.internal.Parameters.createConfigurationParameters(Parameters.java:168)
	at org.testng.internal.ConfigInvoker.invokeConfigurations(ConfigInvoker.java:302)
	at org.testng.TestRunner.invokeTestConfigurations(TestRunner.java:637)
	at org.testng.TestRunner.beforeRun(TestRunner.java:627)
	at org.testng.TestRunner.run(TestRunner.java:589)
	at org.testng.SuiteRunner.runTest(SuiteRunner.java:377)
	at org.testng.SuiteRunner.runSequentially(SuiteRunner.java:371)
	at org.testng.SuiteRunner.privateRun(SuiteRunner.java:332)
	at org.testng.SuiteRunner.run(SuiteRunner.java:276)
	at org.testng.SuiteRunnerWorker.runSuite(SuiteRunnerWorker.java:53)
	at org.testng.SuiteRunnerWorker.run(SuiteRunnerWorker.java:96)
	at org.testng.TestNG.runSuitesSequentially(TestNG.java:1212)
	at org.testng.TestNG.runSuitesLocally(TestNG.java:1134)
	at org.testng.TestNG.runSuites(TestNG.java:1063)
	at org.testng.TestNG.run(TestNG.java:1031)
	at org.testng.remote.AbstractRemoteTestNG.run(AbstractRemoteTestNG.java:115)
	at org.testng.remote.RemoteTestNG.initAndRun(RemoteTestNG.java:251)
	at org.testng.remote.RemoteTestNG.main(RemoteTestNG.java:77)
</pre></div></td>
<td>0</td>
<td>testpack1.softassert@6b81ce95</td></tr>
<tr>
<td title='testpack1.Test21.testC()'><b>testC</b><br>Test class: testpack1.Test21</td>
<td><div><pre>org.testng.TestNGException: 
Parameter &apos;browser&apos; is required by BeforeTest on method openBrowser but has not been marked @Optional or defined
in C:\Users\Suhas Sonal\eclipse-workspace\Mavenproject\testng.xml
... Removed 21 stack frames</pre></div><a href='#' onClick='toggleBox("stack-trace2042795751", this, "Click to show all stack frames", "Click to hide stack frames")'>Click to show all stack frames</a>
<div class='stack-trace' id='stack-trace2042795751'><pre>org.testng.TestNGException: 
Parameter &apos;browser&apos; is required by BeforeTest on method openBrowser but has not been marked @Optional or defined
in C:\Users\Suhas Sonal\eclipse-workspace\Mavenproject\testng.xml
	at org.testng.internal.Parameters.createParams(Parameters.java:270)
	at org.testng.internal.Parameters.createParametersForMethod(Parameters.java:358)
	at org.testng.internal.Parameters.createParameters(Parameters.java:700)
	at org.testng.internal.Parameters.createConfigurationParameters(Parameters.java:168)
	at org.testng.internal.ConfigInvoker.invokeConfigurations(ConfigInvoker.java:302)
	at org.testng.TestRunner.invokeTestConfigurations(TestRunner.java:637)
	at org.testng.TestRunner.beforeRun(TestRunner.java:627)
	at org.testng.TestRunner.run(TestRunner.java:589)
	at org.testng.SuiteRunner.runTest(SuiteRunner.java:377)
	at org.testng.SuiteRunner.runSequentially(SuiteRunner.java:371)
	at org.testng.SuiteRunner.privateRun(SuiteRunner.java:332)
	at org.testng.SuiteRunner.run(SuiteRunner.java:276)
	at org.testng.SuiteRunnerWorker.runSuite(SuiteRunnerWorker.java:53)
	at org.testng.SuiteRunnerWorker.run(SuiteRunnerWorker.java:96)
	at org.testng.TestNG.runSuitesSequentially(TestNG.java:1212)
	at org.testng.TestNG.runSuitesLocally(TestNG.java:1134)
	at org.testng.TestNG.runSuites(TestNG.java:1063)
	at org.testng.TestNG.run(TestNG.java:1031)
	at org.testng.remote.AbstractRemoteTestNG.run(AbstractRemoteTestNG.java:115)
	at org.testng.remote.RemoteTestNG.initAndRun(RemoteTestNG.java:251)
	at org.testng.remote.RemoteTestNG.main(RemoteTestNG.java:77)
</pre></div></td>
<td>0</td>
<td>testpack1.Test21@5b239d7d</td></tr>
<tr>
<td title='testpack1.Testkeyword.testC()'><b>testC</b><br>Test class: testpack1.Testkeyword</td>
<td><div><pre>org.testng.TestNGException: 
Parameter &apos;browser&apos; is required by BeforeTest on method openBrowser but has not been marked @Optional or defined
in C:\Users\Suhas Sonal\eclipse-workspace\Mavenproject\testng.xml
... Removed 21 stack frames</pre></div><a href='#' onClick='toggleBox("stack-trace592404874", this, "Click to show all stack frames", "Click to hide stack frames")'>Click to show all stack frames</a>
<div class='stack-trace' id='stack-trace592404874'><pre>org.testng.TestNGException: 
Parameter &apos;browser&apos; is required by BeforeTest on method openBrowser but has not been marked @Optional or defined
in C:\Users\Suhas Sonal\eclipse-workspace\Mavenproject\testng.xml
	at org.testng.internal.Parameters.createParams(Parameters.java:270)
	at org.testng.internal.Parameters.createParametersForMethod(Parameters.java:358)
	at org.testng.internal.Parameters.createParameters(Parameters.java:700)
	at org.testng.internal.Parameters.createConfigurationParameters(Parameters.java:168)
	at org.testng.internal.ConfigInvoker.invokeConfigurations(ConfigInvoker.java:302)
	at org.testng.TestRunner.invokeTestConfigurations(TestRunner.java:637)
	at org.testng.TestRunner.beforeRun(TestRunner.java:627)
	at org.testng.TestRunner.run(TestRunner.java:589)
	at org.testng.SuiteRunner.runTest(SuiteRunner.java:377)
	at org.testng.SuiteRunner.runSequentially(SuiteRunner.java:371)
	at org.testng.SuiteRunner.privateRun(SuiteRunner.java:332)
	at org.testng.SuiteRunner.run(SuiteRunner.java:276)
	at org.testng.SuiteRunnerWorker.runSuite(SuiteRunnerWorker.java:53)
	at org.testng.SuiteRunnerWorker.run(SuiteRunnerWorker.java:96)
	at org.testng.TestNG.runSuitesSequentially(TestNG.java:1212)
	at org.testng.TestNG.runSuitesLocally(TestNG.java:1134)
	at org.testng.TestNG.runSuites(TestNG.java:1063)
	at org.testng.TestNG.run(TestNG.java:1031)
	at org.testng.remote.AbstractRemoteTestNG.run(AbstractRemoteTestNG.java:115)
	at org.testng.remote.RemoteTestNG.initAndRun(RemoteTestNG.java:251)
	at org.testng.remote.RemoteTestNG.main(RemoteTestNG.java:77)
</pre></div></td>
<td>0</td>
<td>testpack1.Testkeyword@52bf72b5</td></tr>
<tr>
<td title='testpack1.Hardassert.verifyContactToHelpCenter()'><b>verifyContactToHelpCenter</b><br>Test class: testpack1.Hardassert</td>
<td><div><pre>org.testng.TestNGException: 
Parameter &apos;browser&apos; is required by BeforeTest on method openBrowser but has not been marked @Optional or defined
in C:\Users\Suhas Sonal\eclipse-workspace\Mavenproject\testng.xml
... Removed 21 stack frames</pre></div><a href='#' onClick='toggleBox("stack-trace406325887", this, "Click to show all stack frames", "Click to hide stack frames")'>Click to show all stack frames</a>
<div class='stack-trace' id='stack-trace406325887'><pre>org.testng.TestNGException: 
Parameter &apos;browser&apos; is required by BeforeTest on method openBrowser but has not been marked @Optional or defined
in C:\Users\Suhas Sonal\eclipse-workspace\Mavenproject\testng.xml
	at org.testng.internal.Parameters.createParams(Parameters.java:270)
	at org.testng.internal.Parameters.createParametersForMethod(Parameters.java:358)
	at org.testng.internal.Parameters.createParameters(Parameters.java:700)
	at org.testng.internal.Parameters.createConfigurationParameters(Parameters.java:168)
	at org.testng.internal.ConfigInvoker.invokeConfigurations(ConfigInvoker.java:302)
	at org.testng.TestRunner.invokeTestConfigurations(TestRunner.java:637)
	at org.testng.TestRunner.beforeRun(TestRunner.java:627)
	at org.testng.TestRunner.run(TestRunner.java:589)
	at org.testng.SuiteRunner.runTest(SuiteRunner.java:377)
	at org.testng.SuiteRunner.runSequentially(SuiteRunner.java:371)
	at org.testng.SuiteRunner.privateRun(SuiteRunner.java:332)
	at org.testng.SuiteRunner.run(SuiteRunner.java:276)
	at org.testng.SuiteRunnerWorker.runSuite(SuiteRunnerWorker.java:53)
	at org.testng.SuiteRunnerWorker.run(SuiteRunnerWorker.java:96)
	at org.testng.TestNG.runSuitesSequentially(TestNG.java:1212)
	at org.testng.TestNG.runSuitesLocally(TestNG.java:1134)
	at org.testng.TestNG.runSuites(TestNG.java:1063)
	at org.testng.TestNG.run(TestNG.java:1031)
	at org.testng.remote.AbstractRemoteTestNG.run(AbstractRemoteTestNG.java:115)
	at org.testng.remote.RemoteTestNG.initAndRun(RemoteTestNG.java:251)
	at org.testng.remote.RemoteTestNG.main(RemoteTestNG.java:77)
</pre></div></td>
<td>0</td>
<td>testpack1.Hardassert@7ec7ffd3</td></tr>
<tr>
<td title='testpack1.Test22.test1()'><b>test1</b><br>Test class: testpack1.Test22</td>
<td><div><pre>org.testng.TestNGException: 
Parameter &apos;browser&apos; is required by BeforeTest on method openBrowser but has not been marked @Optional or defined
in C:\Users\Suhas Sonal\eclipse-workspace\Mavenproject\testng.xml
... Removed 21 stack frames</pre></div><a href='#' onClick='toggleBox("stack-trace1118074861", this, "Click to show all stack frames", "Click to hide stack frames")'>Click to show all stack frames</a>
<div class='stack-trace' id='stack-trace1118074861'><pre>org.testng.TestNGException: 
Parameter &apos;browser&apos; is required by BeforeTest on method openBrowser but has not been marked @Optional or defined
in C:\Users\Suhas Sonal\eclipse-workspace\Mavenproject\testng.xml
	at org.testng.internal.Parameters.createParams(Parameters.java:270)
	at org.testng.internal.Parameters.createParametersForMethod(Parameters.java:358)
	at org.testng.internal.Parameters.createParameters(Parameters.java:700)
	at org.testng.internal.Parameters.createConfigurationParameters(Parameters.java:168)
	at org.testng.internal.ConfigInvoker.invokeConfigurations(ConfigInvoker.java:302)
	at org.testng.TestRunner.invokeTestConfigurations(TestRunner.java:637)
	at org.testng.TestRunner.beforeRun(TestRunner.java:627)
	at org.testng.TestRunner.run(TestRunner.java:589)
	at org.testng.SuiteRunner.runTest(SuiteRunner.java:377)
	at org.testng.SuiteRunner.runSequentially(SuiteRunner.java:371)
	at org.testng.SuiteRunner.privateRun(SuiteRunner.java:332)
	at org.testng.SuiteRunner.run(SuiteRunner.java:276)
	at org.testng.SuiteRunnerWorker.runSuite(SuiteRunnerWorker.java:53)
	at org.testng.SuiteRunnerWorker.run(SuiteRunnerWorker.java:96)
	at org.testng.TestNG.runSuitesSequentially(TestNG.java:1212)
	at org.testng.TestNG.runSuitesLocally(TestNG.java:1134)
	at org.testng.TestNG.runSuites(TestNG.java:1063)
	at org.testng.TestNG.run(TestNG.java:1031)
	at org.testng.remote.AbstractRemoteTestNG.run(AbstractRemoteTestNG.java:115)
	at org.testng.remote.RemoteTestNG.initAndRun(RemoteTestNG.java:251)
	at org.testng.remote.RemoteTestNG.main(RemoteTestNG.java:77)
</pre></div></td>
<td>0</td>
<td>testpack1.Test22@4cc451f2</td></tr>
<tr>
<td title='testpack1.Test21.testA()'><b>testA</b><br>Test class: testpack1.Test21</td>
<td><div><pre>org.testng.TestNGException: 
Parameter &apos;browser&apos; is required by BeforeTest on method openBrowser but has not been marked @Optional or defined
in C:\Users\Suhas Sonal\eclipse-workspace\Mavenproject\testng.xml
... Removed 21 stack frames</pre></div><a href='#' onClick='toggleBox("stack-trace963110700", this, "Click to show all stack frames", "Click to hide stack frames")'>Click to show all stack frames</a>
<div class='stack-trace' id='stack-trace963110700'><pre>org.testng.TestNGException: 
Parameter &apos;browser&apos; is required by BeforeTest on method openBrowser but has not been marked @Optional or defined
in C:\Users\Suhas Sonal\eclipse-workspace\Mavenproject\testng.xml
	at org.testng.internal.Parameters.createParams(Parameters.java:270)
	at org.testng.internal.Parameters.createParametersForMethod(Parameters.java:358)
	at org.testng.internal.Parameters.createParameters(Parameters.java:700)
	at org.testng.internal.Parameters.createConfigurationParameters(Parameters.java:168)
	at org.testng.internal.ConfigInvoker.invokeConfigurations(ConfigInvoker.java:302)
	at org.testng.TestRunner.invokeTestConfigurations(TestRunner.java:637)
	at org.testng.TestRunner.beforeRun(TestRunner.java:627)
	at org.testng.TestRunner.run(TestRunner.java:589)
	at org.testng.SuiteRunner.runTest(SuiteRunner.java:377)
	at org.testng.SuiteRunner.runSequentially(SuiteRunner.java:371)
	at org.testng.SuiteRunner.privateRun(SuiteRunner.java:332)
	at org.testng.SuiteRunner.run(SuiteRunner.java:276)
	at org.testng.SuiteRunnerWorker.runSuite(SuiteRunnerWorker.java:53)
	at org.testng.SuiteRunnerWorker.run(SuiteRunnerWorker.java:96)
	at org.testng.TestNG.runSuitesSequentially(TestNG.java:1212)
	at org.testng.TestNG.runSuitesLocally(TestNG.java:1134)
	at org.testng.TestNG.runSuites(TestNG.java:1063)
	at org.testng.TestNG.run(TestNG.java:1031)
	at org.testng.remote.AbstractRemoteTestNG.run(AbstractRemoteTestNG.java:115)
	at org.testng.remote.RemoteTestNG.initAndRun(RemoteTestNG.java:251)
	at org.testng.remote.RemoteTestNG.main(RemoteTestNG.java:77)
</pre></div></td>
<td>0</td>
<td>testpack1.Test21@5b239d7d</td></tr>
<tr>
<td title='testpack1.Test22.test2()'><b>test2</b><br>Test class: testpack1.Test22</td>
<td><div><pre>org.testng.TestNGException: 
Parameter &apos;browser&apos; is required by BeforeTest on method openBrowser but has not been marked @Optional or defined
in C:\Users\Suhas Sonal\eclipse-workspace\Mavenproject\testng.xml
... Removed 21 stack frames</pre></div><a href='#' onClick='toggleBox("stack-trace1436399920", this, "Click to show all stack frames", "Click to hide stack frames")'>Click to show all stack frames</a>
<div class='stack-trace' id='stack-trace1436399920'><pre>org.testng.TestNGException: 
Parameter &apos;browser&apos; is required by BeforeTest on method openBrowser but has not been marked @Optional or defined
in C:\Users\Suhas Sonal\eclipse-workspace\Mavenproject\testng.xml
	at org.testng.internal.Parameters.createParams(Parameters.java:270)
	at org.testng.internal.Parameters.createParametersForMethod(Parameters.java:358)
	at org.testng.internal.Parameters.createParameters(Parameters.java:700)
	at org.testng.internal.Parameters.createConfigurationParameters(Parameters.java:168)
	at org.testng.internal.ConfigInvoker.invokeConfigurations(ConfigInvoker.java:302)
	at org.testng.TestRunner.invokeTestConfigurations(TestRunner.java:637)
	at org.testng.TestRunner.beforeRun(TestRunner.java:627)
	at org.testng.TestRunner.run(TestRunner.java:589)
	at org.testng.SuiteRunner.runTest(SuiteRunner.java:377)
	at org.testng.SuiteRunner.runSequentially(SuiteRunner.java:371)
	at org.testng.SuiteRunner.privateRun(SuiteRunner.java:332)
	at org.testng.SuiteRunner.run(SuiteRunner.java:276)
	at org.testng.SuiteRunnerWorker.runSuite(SuiteRunnerWorker.java:53)
	at org.testng.SuiteRunnerWorker.run(SuiteRunnerWorker.java:96)
	at org.testng.TestNG.runSuitesSequentially(TestNG.java:1212)
	at org.testng.TestNG.runSuitesLocally(TestNG.java:1134)
	at org.testng.TestNG.runSuites(TestNG.java:1063)
	at org.testng.TestNG.run(TestNG.java:1031)
	at org.testng.remote.AbstractRemoteTestNG.run(AbstractRemoteTestNG.java:115)
	at org.testng.remote.RemoteTestNG.initAndRun(RemoteTestNG.java:251)
	at org.testng.remote.RemoteTestNG.main(RemoteTestNG.java:77)
</pre></div></td>
<td>0</td>
<td>testpack1.Test22@4cc451f2</td></tr>
<tr>
<td title='testpack1.VerifyRoomPage.verifyContactToHelpCenter()'><b>verifyContactToHelpCenter</b><br>Test class: testpack1.VerifyRoomPage</td>
<td><div><pre>org.testng.TestNGException: 
Parameter &apos;browser&apos; is required by BeforeTest on method openBrowser but has not been marked @Optional or defined
in C:\Users\Suhas Sonal\eclipse-workspace\Mavenproject\testng.xml
... Removed 21 stack frames</pre></div><a href='#' onClick='toggleBox("stack-trace316802093", this, "Click to show all stack frames", "Click to hide stack frames")'>Click to show all stack frames</a>
<div class='stack-trace' id='stack-trace316802093'><pre>org.testng.TestNGException: 
Parameter &apos;browser&apos; is required by BeforeTest on method openBrowser but has not been marked @Optional or defined
in C:\Users\Suhas Sonal\eclipse-workspace\Mavenproject\testng.xml
	at org.testng.internal.Parameters.createParams(Parameters.java:270)
	at org.testng.internal.Parameters.createParametersForMethod(Parameters.java:358)
	at org.testng.internal.Parameters.createParameters(Parameters.java:700)
	at org.testng.internal.Parameters.createConfigurationParameters(Parameters.java:168)
	at org.testng.internal.ConfigInvoker.invokeConfigurations(ConfigInvoker.java:302)
	at org.testng.TestRunner.invokeTestConfigurations(TestRunner.java:637)
	at org.testng.TestRunner.beforeRun(TestRunner.java:627)
	at org.testng.TestRunner.run(TestRunner.java:589)
	at org.testng.SuiteRunner.runTest(SuiteRunner.java:377)
	at org.testng.SuiteRunner.runSequentially(SuiteRunner.java:371)
	at org.testng.SuiteRunner.privateRun(SuiteRunner.java:332)
	at org.testng.SuiteRunner.run(SuiteRunner.java:276)
	at org.testng.SuiteRunnerWorker.runSuite(SuiteRunnerWorker.java:53)
	at org.testng.SuiteRunnerWorker.run(SuiteRunnerWorker.java:96)
	at org.testng.TestNG.runSuitesSequentially(TestNG.java:1212)
	at org.testng.TestNG.runSuitesLocally(TestNG.java:1134)
	at org.testng.TestNG.runSuites(TestNG.java:1063)
	at org.testng.TestNG.run(TestNG.java:1031)
	at org.testng.remote.AbstractRemoteTestNG.run(AbstractRemoteTestNG.java:115)
	at org.testng.remote.RemoteTestNG.initAndRun(RemoteTestNG.java:251)
	at org.testng.remote.RemoteTestNG.main(RemoteTestNG.java:77)
</pre></div></td>
<td>0</td>
<td>testpack1.VerifyRoomPage@6572421</td></tr>
<tr>
<td title='testpack1.Testkeyword.testB()'><b>testB</b><br>Test class: testpack1.Testkeyword</td>
<td><div><pre>java.lang.Throwable: Method Testkeyword.testB()[pri:1, instance:testpack1.Testkeyword@52bf72b5] depends on not successfully finished methods
	at java.base/java.util.concurrent.ThreadPoolExecutor.runWorker(ThreadPoolExecutor.java:1136)
	at java.base/java.util.concurrent.ThreadPoolExecutor$Worker.run(ThreadPoolExecutor.java:635)
	at java.base/java.lang.Thread.run(Thread.java:833)
... Removed 3 stack frames</pre></div><a href='#' onClick='toggleBox("stack-trace1716767651", this, "Click to show all stack frames", "Click to hide stack frames")'>Click to show all stack frames</a>
<div class='stack-trace' id='stack-trace1716767651'><pre>java.lang.Throwable: Method Testkeyword.testB()[pri:1, instance:testpack1.Testkeyword@52bf72b5] depends on not successfully finished methods
	at org.testng.internal.TestInvoker.invokeTestMethods(TestInvoker.java:102)
	at org.testng.internal.TestMethodWorker.invokeTestMethods(TestMethodWorker.java:146)
	at org.testng.internal.TestMethodWorker.run(TestMethodWorker.java:128)
	at java.base/java.util.concurrent.ThreadPoolExecutor.runWorker(ThreadPoolExecutor.java:1136)
	at java.base/java.util.concurrent.ThreadPoolExecutor$Worker.run(ThreadPoolExecutor.java:635)
	at java.base/java.lang.Thread.run(Thread.java:833)
</pre></div></td>
<td>0</td>
<td>testpack1.Testkeyword@52bf72b5</td></tr>
<tr>
<td title='testpack1.Test22.test3()'><b>test3</b><br>Test class: testpack1.Test22</td>
<td><div><pre>org.testng.TestNGException: 
Parameter &apos;browser&apos; is required by BeforeTest on method openBrowser but has not been marked @Optional or defined
in C:\Users\Suhas Sonal\eclipse-workspace\Mavenproject\testng.xml
... Removed 21 stack frames</pre></div><a href='#' onClick='toggleBox("stack-trace1582332610", this, "Click to show all stack frames", "Click to hide stack frames")'>Click to show all stack frames</a>
<div class='stack-trace' id='stack-trace1582332610'><pre>org.testng.TestNGException: 
Parameter &apos;browser&apos; is required by BeforeTest on method openBrowser but has not been marked @Optional or defined
in C:\Users\Suhas Sonal\eclipse-workspace\Mavenproject\testng.xml
	at org.testng.internal.Parameters.createParams(Parameters.java:270)
	at org.testng.internal.Parameters.createParametersForMethod(Parameters.java:358)
	at org.testng.internal.Parameters.createParameters(Parameters.java:700)
	at org.testng.internal.Parameters.createConfigurationParameters(Parameters.java:168)
	at org.testng.internal.ConfigInvoker.invokeConfigurations(ConfigInvoker.java:302)
	at org.testng.TestRunner.invokeTestConfigurations(TestRunner.java:637)
	at org.testng.TestRunner.beforeRun(TestRunner.java:627)
	at org.testng.TestRunner.run(TestRunner.java:589)
	at org.testng.SuiteRunner.runTest(SuiteRunner.java:377)
	at org.testng.SuiteRunner.runSequentially(SuiteRunner.java:371)
	at org.testng.SuiteRunner.privateRun(SuiteRunner.java:332)
	at org.testng.SuiteRunner.run(SuiteRunner.java:276)
	at org.testng.SuiteRunnerWorker.runSuite(SuiteRunnerWorker.java:53)
	at org.testng.SuiteRunnerWorker.run(SuiteRunnerWorker.java:96)
	at org.testng.TestNG.runSuitesSequentially(TestNG.java:1212)
	at org.testng.TestNG.runSuitesLocally(TestNG.java:1134)
	at org.testng.TestNG.runSuites(TestNG.java:1063)
	at org.testng.TestNG.run(TestNG.java:1031)
	at org.testng.remote.AbstractRemoteTestNG.run(AbstractRemoteTestNG.java:115)
	at org.testng.remote.RemoteTestNG.initAndRun(RemoteTestNG.java:251)
	at org.testng.remote.RemoteTestNG.main(RemoteTestNG.java:77)
</pre></div></td>
<td>0</td>
<td>testpack1.Test22@4cc451f2</td></tr>
<tr>
<td title='testpack1.Test21.testD()'><b>testD</b><br>Test class: testpack1.Test21</td>
<td><div><pre>org.testng.TestNGException: 
Parameter &apos;browser&apos; is required by BeforeTest on method openBrowser but has not been marked @Optional or defined
in C:\Users\Suhas Sonal\eclipse-workspace\Mavenproject\testng.xml
... Removed 21 stack frames</pre></div><a href='#' onClick='toggleBox("stack-trace1614278212", this, "Click to show all stack frames", "Click to hide stack frames")'>Click to show all stack frames</a>
<div class='stack-trace' id='stack-trace1614278212'><pre>org.testng.TestNGException: 
Parameter &apos;browser&apos; is required by BeforeTest on method openBrowser but has not been marked @Optional or defined
in C:\Users\Suhas Sonal\eclipse-workspace\Mavenproject\testng.xml
	at org.testng.internal.Parameters.createParams(Parameters.java:270)
	at org.testng.internal.Parameters.createParametersForMethod(Parameters.java:358)
	at org.testng.internal.Parameters.createParameters(Parameters.java:700)
	at org.testng.internal.Parameters.createConfigurationParameters(Parameters.java:168)
	at org.testng.internal.ConfigInvoker.invokeConfigurations(ConfigInvoker.java:302)
	at org.testng.TestRunner.invokeTestConfigurations(TestRunner.java:637)
	at org.testng.TestRunner.beforeRun(TestRunner.java:627)
	at org.testng.TestRunner.run(TestRunner.java:589)
	at org.testng.SuiteRunner.runTest(SuiteRunner.java:377)
	at org.testng.SuiteRunner.runSequentially(SuiteRunner.java:371)
	at org.testng.SuiteRunner.privateRun(SuiteRunner.java:332)
	at org.testng.SuiteRunner.run(SuiteRunner.java:276)
	at org.testng.SuiteRunnerWorker.runSuite(SuiteRunnerWorker.java:53)
	at org.testng.SuiteRunnerWorker.run(SuiteRunnerWorker.java:96)
	at org.testng.TestNG.runSuitesSequentially(TestNG.java:1212)
	at org.testng.TestNG.runSuitesLocally(TestNG.java:1134)
	at org.testng.TestNG.runSuites(TestNG.java:1063)
	at org.testng.TestNG.run(TestNG.java:1031)
	at org.testng.remote.AbstractRemoteTestNG.run(AbstractRemoteTestNG.java:115)
	at org.testng.remote.RemoteTestNG.initAndRun(RemoteTestNG.java:251)
	at org.testng.remote.RemoteTestNG.main(RemoteTestNG.java:77)
</pre></div></td>
<td>0</td>
<td>testpack1.Test21@5b239d7d</td></tr>
<tr>
<td title='testpack1.Test22.test4()'><b>test4</b><br>Test class: testpack1.Test22</td>
<td><div><pre>org.testng.TestNGException: 
Parameter &apos;browser&apos; is required by BeforeTest on method openBrowser but has not been marked @Optional or defined
in C:\Users\Suhas Sonal\eclipse-workspace\Mavenproject\testng.xml
... Removed 21 stack frames</pre></div><a href='#' onClick='toggleBox("stack-trace1064897569", this, "Click to show all stack frames", "Click to hide stack frames")'>Click to show all stack frames</a>
<div class='stack-trace' id='stack-trace1064897569'><pre>org.testng.TestNGException: 
Parameter &apos;browser&apos; is required by BeforeTest on method openBrowser but has not been marked @Optional or defined
in C:\Users\Suhas Sonal\eclipse-workspace\Mavenproject\testng.xml
	at org.testng.internal.Parameters.createParams(Parameters.java:270)
	at org.testng.internal.Parameters.createParametersForMethod(Parameters.java:358)
	at org.testng.internal.Parameters.createParameters(Parameters.java:700)
	at org.testng.internal.Parameters.createConfigurationParameters(Parameters.java:168)
	at org.testng.internal.ConfigInvoker.invokeConfigurations(ConfigInvoker.java:302)
	at org.testng.TestRunner.invokeTestConfigurations(TestRunner.java:637)
	at org.testng.TestRunner.beforeRun(TestRunner.java:627)
	at org.testng.TestRunner.run(TestRunner.java:589)
	at org.testng.SuiteRunner.runTest(SuiteRunner.java:377)
	at org.testng.SuiteRunner.runSequentially(SuiteRunner.java:371)
	at org.testng.SuiteRunner.privateRun(SuiteRunner.java:332)
	at org.testng.SuiteRunner.run(SuiteRunner.java:276)
	at org.testng.SuiteRunnerWorker.runSuite(SuiteRunnerWorker.java:53)
	at org.testng.SuiteRunnerWorker.run(SuiteRunnerWorker.java:96)
	at org.testng.TestNG.runSuitesSequentially(TestNG.java:1212)
	at org.testng.TestNG.runSuitesLocally(TestNG.java:1134)
	at org.testng.TestNG.runSuites(TestNG.java:1063)
	at org.testng.TestNG.run(TestNG.java:1031)
	at org.testng.remote.AbstractRemoteTestNG.run(AbstractRemoteTestNG.java:115)
	at org.testng.remote.RemoteTestNG.initAndRun(RemoteTestNG.java:251)
	at org.testng.remote.RemoteTestNG.main(RemoteTestNG.java:77)
</pre></div></td>
<td>0</td>
<td>testpack1.Test22@4cc451f2</td></tr>
<tr>
<td title='testpack1.Testkeyword.testD()'><b>testD</b><br>Test class: testpack1.Testkeyword</td>
<td><div><pre>org.testng.TestNGException: 
Parameter &apos;browser&apos; is required by BeforeTest on method openBrowser but has not been marked @Optional or defined
in C:\Users\Suhas Sonal\eclipse-workspace\Mavenproject\testng.xml
... Removed 21 stack frames</pre></div><a href='#' onClick='toggleBox("stack-trace1337273517", this, "Click to show all stack frames", "Click to hide stack frames")'>Click to show all stack frames</a>
<div class='stack-trace' id='stack-trace1337273517'><pre>org.testng.TestNGException: 
Parameter &apos;browser&apos; is required by BeforeTest on method openBrowser but has not been marked @Optional or defined
in C:\Users\Suhas Sonal\eclipse-workspace\Mavenproject\testng.xml
	at org.testng.internal.Parameters.createParams(Parameters.java:270)
	at org.testng.internal.Parameters.createParametersForMethod(Parameters.java:358)
	at org.testng.internal.Parameters.createParameters(Parameters.java:700)
	at org.testng.internal.Parameters.createConfigurationParameters(Parameters.java:168)
	at org.testng.internal.ConfigInvoker.invokeConfigurations(ConfigInvoker.java:302)
	at org.testng.TestRunner.invokeTestConfigurations(TestRunner.java:637)
	at org.testng.TestRunner.beforeRun(TestRunner.java:627)
	at org.testng.TestRunner.run(TestRunner.java:589)
	at org.testng.SuiteRunner.runTest(SuiteRunner.java:377)
	at org.testng.SuiteRunner.runSequentially(SuiteRunner.java:371)
	at org.testng.SuiteRunner.privateRun(SuiteRunner.java:332)
	at org.testng.SuiteRunner.run(SuiteRunner.java:276)
	at org.testng.SuiteRunnerWorker.runSuite(SuiteRunnerWorker.java:53)
	at org.testng.SuiteRunnerWorker.run(SuiteRunnerWorker.java:96)
	at org.testng.TestNG.runSuitesSequentially(TestNG.java:1212)
	at org.testng.TestNG.runSuitesLocally(TestNG.java:1134)
	at org.testng.TestNG.runSuites(TestNG.java:1063)
	at org.testng.TestNG.run(TestNG.java:1031)
	at org.testng.remote.AbstractRemoteTestNG.run(AbstractRemoteTestNG.java:115)
	at org.testng.remote.RemoteTestNG.initAndRun(RemoteTestNG.java:251)
	at org.testng.remote.RemoteTestNG.main(RemoteTestNG.java:77)
</pre></div></td>
<td>0</td>
<td>testpack1.Testkeyword@52bf72b5</td></tr>
<tr>
<td title='testpack1.VerifyRoomPage.goBackToMessenger()'><b>goBackToMessenger</b><br>Test class: testpack1.VerifyRoomPage</td>
<td><div><pre>org.testng.TestNGException: 
Parameter &apos;browser&apos; is required by BeforeTest on method openBrowser but has not been marked @Optional or defined
in C:\Users\Suhas Sonal\eclipse-workspace\Mavenproject\testng.xml
... Removed 21 stack frames</pre></div><a href='#' onClick='toggleBox("stack-trace1626154070", this, "Click to show all stack frames", "Click to hide stack frames")'>Click to show all stack frames</a>
<div class='stack-trace' id='stack-trace1626154070'><pre>org.testng.TestNGException: 
Parameter &apos;browser&apos; is required by BeforeTest on method openBrowser but has not been marked @Optional or defined
in C:\Users\Suhas Sonal\eclipse-workspace\Mavenproject\testng.xml
	at org.testng.internal.Parameters.createParams(Parameters.java:270)
	at org.testng.internal.Parameters.createParametersForMethod(Parameters.java:358)
	at org.testng.internal.Parameters.createParameters(Parameters.java:700)
	at org.testng.internal.Parameters.createConfigurationParameters(Parameters.java:168)
	at org.testng.internal.ConfigInvoker.invokeConfigurations(ConfigInvoker.java:302)
	at org.testng.TestRunner.invokeTestConfigurations(TestRunner.java:637)
	at org.testng.TestRunner.beforeRun(TestRunner.java:627)
	at org.testng.TestRunner.run(TestRunner.java:589)
	at org.testng.SuiteRunner.runTest(SuiteRunner.java:377)
	at org.testng.SuiteRunner.runSequentially(SuiteRunner.java:371)
	at org.testng.SuiteRunner.privateRun(SuiteRunner.java:332)
	at org.testng.SuiteRunner.run(SuiteRunner.java:276)
	at org.testng.SuiteRunnerWorker.runSuite(SuiteRunnerWorker.java:53)
	at org.testng.SuiteRunnerWorker.run(SuiteRunnerWorker.java:96)
	at org.testng.TestNG.runSuitesSequentially(TestNG.java:1212)
	at org.testng.TestNG.runSuitesLocally(TestNG.java:1134)
	at org.testng.TestNG.runSuites(TestNG.java:1063)
	at org.testng.TestNG.run(TestNG.java:1031)
	at org.testng.remote.AbstractRemoteTestNG.run(AbstractRemoteTestNG.java:115)
	at org.testng.remote.RemoteTestNG.initAndRun(RemoteTestNG.java:251)
	at org.testng.remote.RemoteTestNG.main(RemoteTestNG.java:77)
</pre></div></td>
<td>0</td>
<td>testpack1.VerifyRoomPage@6572421</td></tr>
</table><p>
</body>
</html>