<?xml version="1.0" encoding="UTF-8"?>
<!-- Generated by org.testng.reporters.JUnitXMLReporter -->
<testsuite ignored="0" hostname="Suhas" failures="0" tests="2" name="Default test" time="0.359" errors="0" timestamp="2022-09-26T22:09:21 IST">
  <testcase classname="testpack1.softassert" name="@BeforeTest openBrowser" time="-1.664210360891E9">
    <failure type="org.testng.TestNGException" message="
Parameter &amp;apos;browser&amp;apos; is required by BeforeTest on method openBrowser but has not been marked @Optional or defined
in C:\Users\Suhas Sonal\AppData\Local\Temp\testng-eclipse--796825803\testng-customsuite.xml">
      <![CDATA[org.testng.TestNGException: 
Parameter 'browser' is required by BeforeTest on method openBrowser but has not been marked @Optional or defined
in C:\Users\Suhas Sonal\AppData\Local\Temp\testng-eclipse--796825803\testng-customsuite.xml
at org.testng.internal.Parameters.createParams(Parameters.java:270)
at org.testng.internal.Parameters.createParametersForMethod(Parameters.java:358)
at org.testng.internal.Parameters.createParameters(Parameters.java:700)
at org.testng.internal.Parameters.createConfigurationParameters(Parameters.java:168)
at org.testng.internal.ConfigInvoker.invokeConfigurations(ConfigInvoker.java:302)
at org.testng.TestRunner.invokeTestConfigurations(TestRunner.java:637)
at org.testng.TestRunner.beforeRun(TestRunner.java:627)
at org.testng.TestRunner.run(TestRunner.java:589)
at org.testng.SuiteRunner.runTest(SuiteRunner.java:377)
at org.testng.SuiteRunner.runSequentially(SuiteRunner.java:371)
at org.testng.SuiteRunner.privateRun(SuiteRunner.java:332)
at org.testng.SuiteRunner.run(SuiteRunner.java:276)
at org.testng.SuiteRunnerWorker.runSuite(SuiteRunnerWorker.java:53)
at org.testng.SuiteRunnerWorker.run(SuiteRunnerWorker.java:96)
at org.testng.TestNG.runSuitesSequentially(TestNG.java:1212)
at org.testng.TestNG.runSuitesLocally(TestNG.java:1134)
at org.testng.TestNG.runSuites(TestNG.java:1063)
at org.testng.TestNG.run(TestNG.java:1031)
at org.testng.remote.AbstractRemoteTestNG.run(AbstractRemoteTestNG.java:115)
at org.testng.remote.RemoteTestNG.initAndRun(RemoteTestNG.java:251)
at org.testng.remote.RemoteTestNG.main(RemoteTestNG.java:77)
]]>
    </failure>
  </testcase> <!-- @BeforeTest openBrowser -->
  <testcase classname="testpack1.softassert" name="@BeforeClass createPOMobjects" time="-1.664210361017E9">
    <skipped/>
  </testcase> <!-- @BeforeClass createPOMobjects -->
  <testcase classname="testpack1.softassert" name="@BeforeMethod openRoomPage" time="-1.664210361081E9">
    <skipped/>
  </testcase> <!-- @BeforeMethod openRoomPage -->
  <testcase classname="testpack1.softassert" name="@AfterMethod logoutFromApplication" time="-1.664210361158E9">
    <skipped/>
  </testcase> <!-- @AfterMethod logoutFromApplication -->
  <testcase classname="testpack1.softassert" name="@BeforeMethod openRoomPage" time="-1.664210361171E9">
    <skipped/>
  </testcase> <!-- @BeforeMethod openRoomPage -->
  <testcase classname="testpack1.softassert" name="@AfterMethod logoutFromApplication" time="-1.664210361195E9">
    <skipped/>
  </testcase> <!-- @AfterMethod logoutFromApplication -->
  <testcase classname="testpack1.softassert" name="@AfterClass clearobjects" time="-1.664210361208E9">
    <skipped/>
  </testcase> <!-- @AfterClass clearobjects -->
  <testcase classname="testpack1.softassert" name="@AfterTest closeBrowser" time="-1.664210361221E9">
    <skipped/>
  </testcase> <!-- @AfterTest closeBrowser -->
  <testcase classname="testpack1.softassert" name="goBackToMessenger" time="0.0">
    <skipped/>
  </testcase> <!-- goBackToMessenger -->
  <testcase classname="testpack1.softassert" name="verifyContactToHelpCenter" time="0.0">
    <skipped/>
  </testcase> <!-- verifyContactToHelpCenter -->
</testsuite> <!-- Default test -->
